生成启动时间为 2019/4/11 19:58:34。
     1>项目“F:\vs代码\the seventh homework\the seventh homework\the seventh homework.vcxproj”在节点 2 上(Build 个目标)。
     1>ClCompile:
         F:\vs\VC\bin\CL.exe /c /ZI /nologo /W3 /WX- /sdl /Od /Oy- /D _MBCS /Gm /EHsc /RTC1 /MDd /GS /fp:precise /Zc:wchar_t /Zc:forScope /Fo"Debug\\" /Fd"Debug\vc120.pdb" /Gd /TC /analyze- /errorReport:prompt No1.c No2.c No3.c No4.c No5.c No6.c No7.c
         No7.c
         No6.c
         No5.c
         No4.c
         No3.c
         No2.c
         No1.c
         正在生成代码...
       Link:
         F:\vs\VC\bin\link.exe /ERRORREPORT:PROMPT /OUT:"F:\vs代码\the seventh homework\Debug\the seventh homework.exe" /INCREMENTAL /NOLOGO kernel32.lib user32.lib gdi32.lib winspool.lib comdlg32.lib advapi32.lib shell32.lib ole32.lib oleaut32.lib uuid.lib odbc32.lib odbccp32.lib /MANIFEST /MANIFESTUAC:"level='asInvoker' uiAccess='false'" /manifest:embed /DEBUG /PDB:"F:\vs代码\the seventh homework\Debug\the seventh homework.pdb" /TLBID:1 /DYNAMICBASE /NXCOMPAT /IMPLIB:"F:\vs代码\the seventh homework\Debug\the seventh homework.lib" /MACHINE:X86 Debug\No1.obj
         Debug\No2.obj
         Debug\No3.obj
         Debug\No4.obj
         Debug\No5.obj
         Debug\No6.obj
         Debug\No7.obj
         the seventh homework.vcxproj -> F:\vs代码\the seventh homework\Debug\the seventh homework.exe
     1>已完成生成项目“F:\vs代码\the seventh homework\the seventh homework\the seventh homework.vcxproj”(Build 个目标)的操作。

生成成功。

已用时间 00:00:01.82
